[debug] [2023-12-24T19:59:56.793Z] ----------------------------------------------------------------------
[debug] [2023-12-24T19:59:56.797Z] Command:       C:\Program Files\nodejs\node.exe C:\Users\Ivan\AppData\Roaming\npm\node_modules\firebase-tools\lib\bin\firebase.js deploy
[debug] [2023-12-24T19:59:56.797Z] CLI Version:   13.0.2
[debug] [2023-12-24T19:59:56.798Z] Platform:      win32
[debug] [2023-12-24T19:59:56.798Z] Node Version:  v18.17.1
[debug] [2023-12-24T19:59:56.799Z] Time:          Sun Dec 24 2023 16:59:56 GMT-0300 (hora estándar de Argentina)
[debug] [2023-12-24T19:59:56.799Z] ----------------------------------------------------------------------
[debug] 
[debug] [2023-12-24T19:59:56.893Z] > command requires scopes: ["email","openid","https://www.googleapis.com/auth/cloudplatformprojects.readonly","https://www.googleapis.com/auth/firebase","https://www.googleapis.com/auth/cloud-platform"]
[debug] [2023-12-24T19:59:56.894Z] > authorizing via signed-in user (casativan@gmail.com)
[debug] [2023-12-24T19:59:56.894Z] [iam] checking project fir-portfolio-220a9 for permissions ["firebase.projects.get","firebasehosting.sites.update"]
[debug] [2023-12-24T19:59:56.897Z] >>> [apiv2][query] POST https://cloudresourcemanager.googleapis.com/v1/projects/fir-portfolio-220a9:testIamPermissions [none]
[debug] [2023-12-24T19:59:56.897Z] >>> [apiv2][(partial)header] POST https://cloudresourcemanager.googleapis.com/v1/projects/fir-portfolio-220a9:testIamPermissions x-goog-quota-user=projects/fir-portfolio-220a9
[debug] [2023-12-24T19:59:56.897Z] >>> [apiv2][body] POST https://cloudresourcemanager.googleapis.com/v1/projects/fir-portfolio-220a9:testIamPermissions {"permissions":["firebase.projects.get","firebasehosting.sites.update"]}
[debug] [2023-12-24T19:59:58.092Z] <<< [apiv2][status] POST https://cloudresourcemanager.googleapis.com/v1/projects/fir-portfolio-220a9:testIamPermissions 200
[debug] [2023-12-24T19:59:58.093Z] <<< [apiv2][body] POST https://cloudresourcemanager.googleapis.com/v1/projects/fir-portfolio-220a9:testIamPermissions {"permissions":["firebase.projects.get","firebasehosting.sites.update"]}
[debug] [2023-12-24T19:59:58.094Z] >>> [apiv2][query] GET https://firebase.googleapis.com/v1beta1/projects/fir-portfolio-220a9 [none]
[debug] [2023-12-24T19:59:58.557Z] <<< [apiv2][status] GET https://firebase.googleapis.com/v1beta1/projects/fir-portfolio-220a9 200
[debug] [2023-12-24T19:59:58.557Z] <<< [apiv2][body] GET https://firebase.googleapis.com/v1beta1/projects/fir-portfolio-220a9 {"projectId":"fir-portfolio-220a9","projectNumber":"324780126470","displayName":"firebase-portfolio","name":"projects/fir-portfolio-220a9","resources":{"hostingSite":"fir-portfolio-220a9"},"state":"ACTIVE","etag":"1_d803a606-cd29-4846-b0a8-b0cd29f8d7fb"}
[info] 
[info] === Deploying to 'fir-portfolio-220a9'...
[info] 
[info] i  deploying hosting 
[debug] [2023-12-24T19:59:58.566Z] >>> [apiv2][query] POST https://firebasehosting.googleapis.com/v1beta1/projects/-/sites/fir-portfolio-220a9/versions [none]
[debug] [2023-12-24T19:59:58.566Z] >>> [apiv2][body] POST https://firebasehosting.googleapis.com/v1beta1/projects/-/sites/fir-portfolio-220a9/versions {"status":"CREATED","labels":{"deployment-tool":"cli-firebase"}}
[debug] [2023-12-24T20:00:00.375Z] <<< [apiv2][status] POST https://firebasehosting.googleapis.com/v1beta1/projects/-/sites/fir-portfolio-220a9/versions 200
[debug] [2023-12-24T20:00:00.376Z] <<< [apiv2][body] POST https://firebasehosting.googleapis.com/v1beta1/projects/-/sites/fir-portfolio-220a9/versions {"name":"projects/324780126470/sites/fir-portfolio-220a9/versions/7a665cf89fd6d98d","status":"CREATED","config":{},"labels":{"deployment-tool":"cli-firebase"}}
[info] i  hosting[fir-portfolio-220a9]: beginning deploy... 
[info] i  hosting[fir-portfolio-220a9]: found 20 files in build/ 
[debug] [2023-12-24T20:00:00.393Z] [hosting] uploading with 200 concurrency
[debug] [2023-12-24T20:00:00.403Z] [hosting] hash cache [YnVpbGQ] stored for 20 files
[debug] [2023-12-24T20:00:00.403Z] [hosting][hash queue][FINAL] {"max":4,"min":0,"avg":0,"active":0,"complete":20,"success":20,"errored":0,"retried":0,"total":20,"elapsed":7}
[debug] [2023-12-24T20:00:00.403Z] >>> [apiv2][query] POST https://firebasehosting.googleapis.com/v1beta1/projects/324780126470/sites/fir-portfolio-220a9/versions/7a665cf89fd6d98d:populateFiles [none]
[debug] [2023-12-24T20:00:00.403Z] >>> [apiv2][body] POST https://firebasehosting.googleapis.com/v1beta1/projects/324780126470/sites/fir-portfolio-220a9/versions/7a665cf89fd6d98d:populateFiles {"files":{"/asset-manifest.json":"bec8d7b59ca2a026d1aa4d9666ed7cdc4451d51089f82d1a61b254c1146b1433","/favicon.ico":"8acdf5ad82fa32fdf2b0ddaa52072d1672d30a23036a6a2b274c8048e95b5728","/favicon2.ico":"eae62e993eb980ec8a25058c39d5a51feab118bd2100c4deebb2a9c158ec11f9","/index.html":"e967ac92913430cce53417be6d506044bacaf3fa7cea02be2628ecc339e180ac","/logo192.png":"3ee59515172ee198f3be375979df15ac5345183e656720a381b8872b2a39dc8b","/logo512.png":"ee7e2f3fdb8209c4b6fd7bef6ba50d1b9dba30a25bb5c3126df057e1cb6f5331","/manifest.json":"5c997de1364b8be939319fa9209abd77f2caf7f8844999a9e2e9173f844e7840","/robots.txt":"b2090cf9761ef60aa06e4fab97679bd43dfa5e5df073701ead5879d7c68f1ec5","/static/css/main.edc00964.css":"7d220e78e7b7664181e5636b0e31df17eef9f3e75ab3d34bbdf1808a8713b68f","/static/css/main.edc00964.css.map":"ef08c9a3b6802807db2d03a29eb2c0f0477d86ae67944317bd51072a6134f8e0","/static/js/787.8e63f347.chunk.js":"71a49178323656e56fe08e3d047b81c3ea1be88602d8216af1f84843463e6047","/static/js/787.8e63f347.chunk.js.map":"b98c5f9712c78a720435b2e9f7aea351dae25bd4ebfe0650cb5308f2d5927c58","/static/js/main.3346dd39.js":"59a3abcfffddadf177ab884984da6d5ef7b163dd526c237245676e0c37de8665","/static/js/main.3346dd39.js.LICENSE.txt":"eb0232593331439094abec225ac28359d1bf86199d4baaa9f7fe44a23cd0065d","/static/js/main.3346dd39.js.map":"c1c56483a2a1872895d9170cdaf42caa35c7f075e99572190f82c7cf9834efc9","/static/media/1.5b89b71814bc0f24859e.png":"42f255c390299e11daf367a234ff0eae6f300eea3bbd622dad185a4ead7f93d7","/static/media/dark-fondo1.8575f9dc0e2180ada613.jpeg":"7a18319c8e15be1ea666bd12c8dab6020939ef4532812527844b83996e675401","/static/media/dark-fondo2.d0a359534ee49e515bce.jpeg":"347c691fefcaedc0b928d44652615ba1e7cb61ac263492f6fdc5467c434362be","/static/media/dark-fondo3.c813d1d832ad86db4cef.jpeg":"e5b9af281c921ce41a932ae28fb2b8600fccb995b7d4cc838318f0bacc2fa4d8","/static/media/light-fondo1.13da74ba14817c64b7aa.jpeg":"579cb9caa1e5f3d60bad731f15fdaaf42dd119ae48c0fc6c58c9a5db782ef43f"}}
[debug] [2023-12-24T20:00:01.791Z] <<< [apiv2][status] POST https://firebasehosting.googleapis.com/v1beta1/projects/324780126470/sites/fir-portfolio-220a9/versions/7a665cf89fd6d98d:populateFiles 200
[debug] [2023-12-24T20:00:01.792Z] <<< [apiv2][body] POST https://firebasehosting.googleapis.com/v1beta1/projects/324780126470/sites/fir-portfolio-220a9/versions/7a665cf89fd6d98d:populateFiles {"uploadRequiredHashes":["c1c56483a2a1872895d9170cdaf42caa35c7f075e99572190f82c7cf9834efc9","e5b9af281c921ce41a932ae28fb2b8600fccb995b7d4cc838318f0bacc2fa4d8","347c691fefcaedc0b928d44652615ba1e7cb61ac263492f6fdc5467c434362be","7a18319c8e15be1ea666bd12c8dab6020939ef4532812527844b83996e675401","579cb9caa1e5f3d60bad731f15fdaaf42dd119ae48c0fc6c58c9a5db782ef43f"],"uploadUrl":"https://upload-firebasehosting.googleapis.com/upload/sites/fir-portfolio-220a9/versions/7a665cf89fd6d98d/files"}
[debug] [2023-12-24T20:00:01.794Z] >>> [apiv2][query] POST https://upload-firebasehosting.googleapis.com/upload/sites/fir-portfolio-220a9/versions/7a665cf89fd6d98d/files/c1c56483a2a1872895d9170cdaf42caa35c7f075e99572190f82c7cf9834efc9 [none]
[debug] [2023-12-24T20:00:01.794Z] >>> [apiv2][body] POST https://upload-firebasehosting.googleapis.com/upload/sites/fir-portfolio-220a9/versions/7a665cf89fd6d98d/files/c1c56483a2a1872895d9170cdaf42caa35c7f075e99572190f82c7cf9834efc9 [stream]
[debug] [2023-12-24T20:00:01.796Z] >>> [apiv2][query] POST https://upload-firebasehosting.googleapis.com/upload/sites/fir-portfolio-220a9/versions/7a665cf89fd6d98d/files/e5b9af281c921ce41a932ae28fb2b8600fccb995b7d4cc838318f0bacc2fa4d8 [none]
[debug] [2023-12-24T20:00:01.796Z] >>> [apiv2][body] POST https://upload-firebasehosting.googleapis.com/upload/sites/fir-portfolio-220a9/versions/7a665cf89fd6d98d/files/e5b9af281c921ce41a932ae28fb2b8600fccb995b7d4cc838318f0bacc2fa4d8 [stream]
[debug] [2023-12-24T20:00:01.797Z] >>> [apiv2][query] POST https://upload-firebasehosting.googleapis.com/upload/sites/fir-portfolio-220a9/versions/7a665cf89fd6d98d/files/347c691fefcaedc0b928d44652615ba1e7cb61ac263492f6fdc5467c434362be [none]
[debug] [2023-12-24T20:00:01.798Z] >>> [apiv2][body] POST https://upload-firebasehosting.googleapis.com/upload/sites/fir-portfolio-220a9/versions/7a665cf89fd6d98d/files/347c691fefcaedc0b928d44652615ba1e7cb61ac263492f6fdc5467c434362be [stream]
[debug] [2023-12-24T20:00:01.799Z] >>> [apiv2][query] POST https://upload-firebasehosting.googleapis.com/upload/sites/fir-portfolio-220a9/versions/7a665cf89fd6d98d/files/7a18319c8e15be1ea666bd12c8dab6020939ef4532812527844b83996e675401 [none]
[debug] [2023-12-24T20:00:01.799Z] >>> [apiv2][body] POST https://upload-firebasehosting.googleapis.com/upload/sites/fir-portfolio-220a9/versions/7a665cf89fd6d98d/files/7a18319c8e15be1ea666bd12c8dab6020939ef4532812527844b83996e675401 [stream]
[debug] [2023-12-24T20:00:01.800Z] >>> [apiv2][query] POST https://upload-firebasehosting.googleapis.com/upload/sites/fir-portfolio-220a9/versions/7a665cf89fd6d98d/files/579cb9caa1e5f3d60bad731f15fdaaf42dd119ae48c0fc6c58c9a5db782ef43f [none]
[debug] [2023-12-24T20:00:01.800Z] >>> [apiv2][body] POST https://upload-firebasehosting.googleapis.com/upload/sites/fir-portfolio-220a9/versions/7a665cf89fd6d98d/files/579cb9caa1e5f3d60bad731f15fdaaf42dd119ae48c0fc6c58c9a5db782ef43f [stream]
[debug] [2023-12-24T20:00:01.802Z] [hosting][populate queue][FINAL] {"max":1394,"min":1394,"avg":1394,"active":0,"complete":1,"success":1,"errored":0,"retried":0,"total":1,"elapsed":1402}
[debug] [2023-12-24T20:00:01.802Z] [hosting] uploads queued: 5
[debug] [2023-12-24T20:00:32.230Z] [uploadQueue] Retrying task 347c691fefcaedc0b928d44652615ba1e7cb61ac263492f6fdc5467c434362be
[debug] [2023-12-24T20:00:32.231Z] >>> [apiv2][query] POST https://upload-firebasehosting.googleapis.com/upload/sites/fir-portfolio-220a9/versions/7a665cf89fd6d98d/files/347c691fefcaedc0b928d44652615ba1e7cb61ac263492f6fdc5467c434362be [none]
[debug] [2023-12-24T20:00:32.232Z] >>> [apiv2][body] POST https://upload-firebasehosting.googleapis.com/upload/sites/fir-portfolio-220a9/versions/7a665cf89fd6d98d/files/347c691fefcaedc0b928d44652615ba1e7cb61ac263492f6fdc5467c434362be [stream]
[debug] [2023-12-24T20:00:35.235Z] [uploadQueue] Retrying task e5b9af281c921ce41a932ae28fb2b8600fccb995b7d4cc838318f0bacc2fa4d8
[debug] [2023-12-24T20:00:35.236Z] >>> [apiv2][query] POST https://upload-firebasehosting.googleapis.com/upload/sites/fir-portfolio-220a9/versions/7a665cf89fd6d98d/files/e5b9af281c921ce41a932ae28fb2b8600fccb995b7d4cc838318f0bacc2fa4d8 [none]
[debug] [2023-12-24T20:00:35.236Z] >>> [apiv2][body] POST https://upload-firebasehosting.googleapis.com/upload/sites/fir-portfolio-220a9/versions/7a665cf89fd6d98d/files/e5b9af281c921ce41a932ae28fb2b8600fccb995b7d4cc838318f0bacc2fa4d8 [stream]
[debug] [2023-12-24T20:00:38.379Z] [uploadQueue] Retrying task 7a18319c8e15be1ea666bd12c8dab6020939ef4532812527844b83996e675401
[debug] [2023-12-24T20:00:38.380Z] >>> [apiv2][query] POST https://upload-firebasehosting.googleapis.com/upload/sites/fir-portfolio-220a9/versions/7a665cf89fd6d98d/files/7a18319c8e15be1ea666bd12c8dab6020939ef4532812527844b83996e675401 [none]
[debug] [2023-12-24T20:00:38.380Z] >>> [apiv2][body] POST https://upload-firebasehosting.googleapis.com/upload/sites/fir-portfolio-220a9/versions/7a665cf89fd6d98d/files/7a18319c8e15be1ea666bd12c8dab6020939ef4532812527844b83996e675401 [stream]
[debug] [2023-12-24T20:00:40.158Z] [uploadQueue] Retrying task 579cb9caa1e5f3d60bad731f15fdaaf42dd119ae48c0fc6c58c9a5db782ef43f
[debug] [2023-12-24T20:00:40.159Z] >>> [apiv2][query] POST https://upload-firebasehosting.googleapis.com/upload/sites/fir-portfolio-220a9/versions/7a665cf89fd6d98d/files/579cb9caa1e5f3d60bad731f15fdaaf42dd119ae48c0fc6c58c9a5db782ef43f [none]
[debug] [2023-12-24T20:00:40.159Z] >>> [apiv2][body] POST https://upload-firebasehosting.googleapis.com/upload/sites/fir-portfolio-220a9/versions/7a665cf89fd6d98d/files/579cb9caa1e5f3d60bad731f15fdaaf42dd119ae48c0fc6c58c9a5db782ef43f [stream]
[debug] [2023-12-24T20:01:03.046Z] [uploadQueue] Retrying task 347c691fefcaedc0b928d44652615ba1e7cb61ac263492f6fdc5467c434362be
[debug] [2023-12-24T20:01:03.047Z] >>> [apiv2][query] POST https://upload-firebasehosting.googleapis.com/upload/sites/fir-portfolio-220a9/versions/7a665cf89fd6d98d/files/347c691fefcaedc0b928d44652615ba1e7cb61ac263492f6fdc5467c434362be [none]
[debug] [2023-12-24T20:01:03.047Z] >>> [apiv2][body] POST https://upload-firebasehosting.googleapis.com/upload/sites/fir-portfolio-220a9/versions/7a665cf89fd6d98d/files/347c691fefcaedc0b928d44652615ba1e7cb61ac263492f6fdc5467c434362be [stream]
[debug] [2023-12-24T20:01:09.080Z] [uploadQueue] Retrying task e5b9af281c921ce41a932ae28fb2b8600fccb995b7d4cc838318f0bacc2fa4d8
[debug] [2023-12-24T20:01:09.080Z] >>> [apiv2][query] POST https://upload-firebasehosting.googleapis.com/upload/sites/fir-portfolio-220a9/versions/7a665cf89fd6d98d/files/e5b9af281c921ce41a932ae28fb2b8600fccb995b7d4cc838318f0bacc2fa4d8 [none]
[debug] [2023-12-24T20:01:09.080Z] >>> [apiv2][body] POST https://upload-firebasehosting.googleapis.com/upload/sites/fir-portfolio-220a9/versions/7a665cf89fd6d98d/files/e5b9af281c921ce41a932ae28fb2b8600fccb995b7d4cc838318f0bacc2fa4d8 [stream]
[debug] [2023-12-24T20:01:15.362Z] [uploadQueue] Retrying task 7a18319c8e15be1ea666bd12c8dab6020939ef4532812527844b83996e675401
[debug] [2023-12-24T20:01:15.363Z] >>> [apiv2][query] POST https://upload-firebasehosting.googleapis.com/upload/sites/fir-portfolio-220a9/versions/7a665cf89fd6d98d/files/7a18319c8e15be1ea666bd12c8dab6020939ef4532812527844b83996e675401 [none]
[debug] [2023-12-24T20:01:15.363Z] >>> [apiv2][body] POST https://upload-firebasehosting.googleapis.com/upload/sites/fir-portfolio-220a9/versions/7a665cf89fd6d98d/files/7a18319c8e15be1ea666bd12c8dab6020939ef4532812527844b83996e675401 [stream]
[debug] [2023-12-24T20:01:18.910Z] [uploadQueue] Retrying task 579cb9caa1e5f3d60bad731f15fdaaf42dd119ae48c0fc6c58c9a5db782ef43f
[debug] [2023-12-24T20:01:18.910Z] >>> [apiv2][query] POST https://upload-firebasehosting.googleapis.com/upload/sites/fir-portfolio-220a9/versions/7a665cf89fd6d98d/files/579cb9caa1e5f3d60bad731f15fdaaf42dd119ae48c0fc6c58c9a5db782ef43f [none]
[debug] [2023-12-24T20:01:18.910Z] >>> [apiv2][body] POST https://upload-firebasehosting.googleapis.com/upload/sites/fir-portfolio-220a9/versions/7a665cf89fd6d98d/files/579cb9caa1e5f3d60bad731f15fdaaf42dd119ae48c0fc6c58c9a5db782ef43f [stream]
[debug] [2023-12-24T20:01:34.663Z] [uploadQueue] Retrying task 347c691fefcaedc0b928d44652615ba1e7cb61ac263492f6fdc5467c434362be
[debug] [2023-12-24T20:01:34.664Z] >>> [apiv2][query] POST https://upload-firebasehosting.googleapis.com/upload/sites/fir-portfolio-220a9/versions/7a665cf89fd6d98d/files/347c691fefcaedc0b928d44652615ba1e7cb61ac263492f6fdc5467c434362be [none]
[debug] [2023-12-24T20:01:34.664Z] >>> [apiv2][body] POST https://upload-firebasehosting.googleapis.com/upload/sites/fir-portfolio-220a9/versions/7a665cf89fd6d98d/files/347c691fefcaedc0b928d44652615ba1e7cb61ac263492f6fdc5467c434362be [stream]
[debug] [2023-12-24T20:01:43.718Z] [uploadQueue] Retrying task e5b9af281c921ce41a932ae28fb2b8600fccb995b7d4cc838318f0bacc2fa4d8
[debug] [2023-12-24T20:01:43.718Z] >>> [apiv2][query] POST https://upload-firebasehosting.googleapis.com/upload/sites/fir-portfolio-220a9/versions/7a665cf89fd6d98d/files/e5b9af281c921ce41a932ae28fb2b8600fccb995b7d4cc838318f0bacc2fa4d8 [none]
[debug] [2023-12-24T20:01:43.718Z] >>> [apiv2][body] POST https://upload-firebasehosting.googleapis.com/upload/sites/fir-portfolio-220a9/versions/7a665cf89fd6d98d/files/e5b9af281c921ce41a932ae28fb2b8600fccb995b7d4cc838318f0bacc2fa4d8 [stream]
[debug] [2023-12-24T20:01:53.136Z] [uploadQueue] Retrying task 7a18319c8e15be1ea666bd12c8dab6020939ef4532812527844b83996e675401
[debug] [2023-12-24T20:01:53.136Z] >>> [apiv2][query] POST https://upload-firebasehosting.googleapis.com/upload/sites/fir-portfolio-220a9/versions/7a665cf89fd6d98d/files/7a18319c8e15be1ea666bd12c8dab6020939ef4532812527844b83996e675401 [none]
[debug] [2023-12-24T20:01:53.136Z] >>> [apiv2][body] POST https://upload-firebasehosting.googleapis.com/upload/sites/fir-portfolio-220a9/versions/7a665cf89fd6d98d/files/7a18319c8e15be1ea666bd12c8dab6020939ef4532812527844b83996e675401 [stream]
[debug] [2023-12-24T20:01:58.478Z] [uploadQueue] Retrying task 579cb9caa1e5f3d60bad731f15fdaaf42dd119ae48c0fc6c58c9a5db782ef43f
[debug] [2023-12-24T20:01:58.479Z] >>> [apiv2][query] POST https://upload-firebasehosting.googleapis.com/upload/sites/fir-portfolio-220a9/versions/7a665cf89fd6d98d/files/579cb9caa1e5f3d60bad731f15fdaaf42dd119ae48c0fc6c58c9a5db782ef43f [none]
[debug] [2023-12-24T20:01:58.479Z] >>> [apiv2][body] POST https://upload-firebasehosting.googleapis.com/upload/sites/fir-portfolio-220a9/versions/7a665cf89fd6d98d/files/579cb9caa1e5f3d60bad731f15fdaaf42dd119ae48c0fc6c58c9a5db782ef43f [stream]
[debug] [2023-12-24T20:02:07.882Z] [uploadQueue] Retrying task 347c691fefcaedc0b928d44652615ba1e7cb61ac263492f6fdc5467c434362be
[debug] [2023-12-24T20:02:07.883Z] >>> [apiv2][query] POST https://upload-firebasehosting.googleapis.com/upload/sites/fir-portfolio-220a9/versions/7a665cf89fd6d98d/files/347c691fefcaedc0b928d44652615ba1e7cb61ac263492f6fdc5467c434362be [none]
[debug] [2023-12-24T20:02:07.883Z] >>> [apiv2][body] POST https://upload-firebasehosting.googleapis.com/upload/sites/fir-portfolio-220a9/versions/7a665cf89fd6d98d/files/347c691fefcaedc0b928d44652615ba1e7cb61ac263492f6fdc5467c434362be [stream]
[debug] [2023-12-24T20:02:15.197Z] <<< [apiv2][status] POST https://upload-firebasehosting.googleapis.com/upload/sites/fir-portfolio-220a9/versions/7a665cf89fd6d98d/files/c1c56483a2a1872895d9170cdaf42caa35c7f075e99572190f82c7cf9834efc9 200
[debug] [2023-12-24T20:02:15.197Z] <<< [apiv2][body] POST https://upload-firebasehosting.googleapis.com/upload/sites/fir-portfolio-220a9/versions/7a665cf89fd6d98d/files/c1c56483a2a1872895d9170cdaf42caa35c7f075e99572190f82c7cf9834efc9 [stream]
[debug] [2023-12-24T20:02:19.952Z] [uploadQueue] Retrying task e5b9af281c921ce41a932ae28fb2b8600fccb995b7d4cc838318f0bacc2fa4d8
[debug] [2023-12-24T20:02:19.953Z] >>> [apiv2][query] POST https://upload-firebasehosting.googleapis.com/upload/sites/fir-portfolio-220a9/versions/7a665cf89fd6d98d/files/e5b9af281c921ce41a932ae28fb2b8600fccb995b7d4cc838318f0bacc2fa4d8 [none]
[debug] [2023-12-24T20:02:19.953Z] >>> [apiv2][body] POST https://upload-firebasehosting.googleapis.com/upload/sites/fir-portfolio-220a9/versions/7a665cf89fd6d98d/files/e5b9af281c921ce41a932ae28fb2b8600fccb995b7d4cc838318f0bacc2fa4d8 [stream]
